<?xml version="1.0" encoding="UTF-8"?>
<!-- Generated by org.testng.reporters.JUnitReportReporter -->
<testsuite hostname="DESKTOP-U34R6HF" failures="0" tests="2" name="TestRunnerHp.TestRunner_Hp" time="150.406" errors="0" timestamp="2021-08-03T03:04:27 EDT" skipped="0">
  <testcase classname="TestRunnerHp.TestRunner_Hp" name="feature" time="52.950"/>
  <system-out/>
  <testcase classname="TestRunnerHp.TestRunner_Hp" name="feature" time="97.456"/>
  <system-out/>
</testsuite> <!-- TestRunnerHp.TestRunner_Hp -->
